#
# There is insufficient memory for the Java Runtime Environment to continue.
# Native memory allocation (mmap) failed to map 266338304 bytes for G1 virtual space
# Possible reasons:
#   The system is out of physical RAM or swap space
#   The process is running with CompressedOops enabled, and the Java Heap may be blocking the growth of the native heap
# Possible solutions:
#   Reduce memory load on the system
#   Increase physical memory or swap space
#   Check if swap backing store is full
#   Decrease Java heap size (-Xmx/-Xms)
#   Decrease number of Java threads
#   Decrease Java thread stack sizes (-Xss)
#   Set larger code cache with -XX:ReservedCodeCacheSize=
#   JVM is running with Zero Based Compressed Oops mode in which the Java heap is
#     placed in the first 32GB address space. The Java Heap base address is the
#     maximum limit for the native heap growth. Please use -XX:HeapBaseMinAddress
#     to set the Java Heap base and to place the Java Heap above 32GB virtual address.
# This output file may be truncated or incomplete.
#
#  Out of Memory Error (os_windows.cpp:3466), pid=25316, tid=17552
#
# JRE version:  (16.0.1+9) (build )
# Java VM: Java HotSpot(TM) 64-Bit Server VM (16.0.1+9-24, mixed mode, sharing, tiered, compressed oops, compressed class ptrs, g1 gc, windows-amd64)
# No core dump will be written. Minidumps are not enabled by default on client versions of Windows
#

---------------  S U M M A R Y ------------

Command Line: -javaagent:D:\01-System install\IntelliJ IDEA 2021.2.2\lib\idea_rt.jar=56208:D:\01-System install\IntelliJ IDEA 2021.2.2\bin -Dfile.encoding=UTF-8 ApplicationReZerV.ErdrPlus.MainEPlus

Host: Intel(R) Core(TM) i7-8565U CPU @ 1.80GHz, 8 cores, 15G,  Windows 10 , 64 bit Build 19041 (10.0.19041.1202)
Time: Fri Oct 29 17:02:01 2021  Windows 10 , 64 bit Build 19041 (10.0.19041.1202) elapsed time: 0.012665 seconds (0d 0h 0m 0s)

---------------  T H R E A D  ---------------

Current thread (0x0000020d9d7777d0):  JavaThread "Unknown thread" [_thread_in_vm, id=17552, stack(0x0000002479400000,0x0000002479500000)]

Stack: [0x0000002479400000,0x0000002479500000]
Native frames: (J=compiled Java code, j=interpreted, Vv=VM code, C=native code)
V  [jvm.dll+0x6687ca]
V  [jvm.dll+0x7ca3c9]
V  [jvm.dll+0x7cbb53]
V  [jvm.dll+0x7cc1b3]
V  [jvm.dll+0x242ea5]
V  [jvm.dll+0x665589]
V  [jvm.dll+0x65a175]
V  [jvm.dll+0x2fc5ab]
V  [jvm.dll+0x3037a6]
V  [jvm.dll+0x352fee]
V  [jvm.dll+0x35321f]
V  [jvm.dll+0x2d3618]
V  [jvm.dll+0x2d4854]
V  [jvm.dll+0x79ccb1]
V  [jvm.dll+0x360de1]
V  [jvm.dll+0x77a990]
V  [jvm.dll+0x3e55af]
V  [jvm.dll+0x3e7081]
C  [jli.dll+0x52fb]
C  [ucrtbase.dll+0x21bb2]
C  [KERNEL32.DLL+0x17034]
C  [ntdll.dll+0x52651]


---------------  P R O C E S S  ---------------

Threads class SMR info:
_java_thread_list=0x00007ff9db70cbb8, length=0, elements={
}

Java Threads: ( => current thread )

Other Threads:
  0x0000020d9d7c7af0 GCTaskThread "GC Thread#0" [stack: 0x0000002479500000,0x0000002479600000] [id=24496]
  0x0000020d9d7d9940 ConcurrentGCThread "G1 Main Marker" [stack: 0x0000002479600000,0x0000002479700000] [id=11944]
  0x0000020d9d7dab50 ConcurrentGCThread "G1 Conc#0" [stack: 0x0000002479700000,0x0000002479800000] [id=7812]

[error occurred during error reporting (printing all threads), id 0xc0000005, EXCEPTION_ACCESS_VIOLATION (0xc0000005) at pc=0x00007ff9daee44d7]

VM state: not at safepoint (not fully initialized)

VM Mutex/Monitor currently owned by a thread:  ([mutex/lock_event])
[0x0000020d9d774dd0] Heap_lock - owner thread: 0x0000020d9d7777d0

Heap address: 0x0000000702000000, size: 4064 MB, Compressed Oops mode: Zero based, Oop shift amount: 3

CDS archive(s) mapped at: [0x0000000000000000-0x0000000000000000-0x0000000000000000), size 0, SharedBaseAddress: 0x0000000800000000, ArchiveRelocationMode: 0.
Narrow klass base: 0x0000000000000000, Narrow klass shift: 0, Narrow klass range: 0x0

GC Precious Log:
<Empty>

Heap:
 garbage-first heap   total 0K, used 0K [0x0000000702000000, 0x0000000800000000)
  region size 2048K, 0 young (0K), 0 survivors (0K)

[error occurred during error reporting (printing heap information), id 0xc0000005, EXCEPTION_ACCESS_VIOLATION (0xc0000005) at pc=0x00007ff9db2c24ed]

GC Heap History (0 events):
No events

Deoptimization events (0 events):
No events

Classes unloaded (0 events):
No events

Classes redefined (0 events):
No events

Internal exceptions (0 events):
No events

Events (1 events):
Event: 0.009 Loaded shared library C:\Program Files\Java\jdk-16.0.1\bin\java.dll


Dynamic libraries:
0x00007ff771860000 - 0x00007ff771870000 	C:\Program Files\Java\jdk-16.0.1\bin\java.exe
0x00007ffa2f7f0000 - 0x00007ffa2f9e5000 	C:\Windows\SYSTEM32\ntdll.dll
0x00007ffa2daa0000 - 0x00007ffa2db5e000 	C:\Windows\System32\KERNEL32.DLL
0x00007ffa2d100000 - 0x00007ffa2d3c9000 	C:\Windows\System32\KERNELBASE.dll
0x00007ffa2d560000 - 0x00007ffa2d660000 	C:\Windows\System32\ucrtbase.dll
0x00007ffa27cb0000 - 0x00007ffa27cc9000 	C:\Program Files\Java\jdk-16.0.1\bin\VCRUNTIME140.dll
0x00007ffa27680000 - 0x00007ffa27698000 	C:\Program Files\Java\jdk-16.0.1\bin\jli.dll
0x00007ffa2dfd0000 - 0x00007ffa2e07c000 	C:\Windows\System32\ADVAPI32.dll
0x00007ffa2e490000 - 0x00007ffa2e52e000 	C:\Windows\System32\msvcrt.dll
0x00007ffa2dbe0000 - 0x00007ffa2dc7b000 	C:\Windows\System32\sechost.dll
0x00007ffa2f680000 - 0x00007ffa2f7aa000 	C:\Windows\System32\RPCRT4.dll
0x00007ffa2ddc0000 - 0x00007ffa2df61000 	C:\Windows\System32\USER32.dll
0x00007ffa2d770000 - 0x00007ffa2d792000 	C:\Windows\System32\win32u.dll
0x00007ffa10a50000 - 0x00007ffa10cea000 	C:\Windows\WinSxS\amd64_microsoft.windows.common-controls_6595b64144ccf1df_6.0.19041.1110_none_60b5254171f9507e\COMCTL32.dll
0x00007ffa2f420000 - 0x00007ffa2f44b000 	C:\Windows\System32\GDI32.dll
0x00007ffa2d660000 - 0x00007ffa2d76b000 	C:\Windows\System32\gdi32full.dll
0x00007ffa2d7a0000 - 0x00007ffa2d83d000 	C:\Windows\System32\msvcp_win.dll
0x00007ffa26080000 - 0x00007ffa2608a000 	C:\Windows\SYSTEM32\VERSION.dll
0x00007ffa2eab0000 - 0x00007ffa2eae0000 	C:\Windows\System32\IMM32.DLL
0x00007ffa27ca0000 - 0x00007ffa27cac000 	C:\Program Files\Java\jdk-16.0.1\bin\vcruntime140_1.dll
0x00007ffa09c00000 - 0x00007ffa09c91000 	C:\Program Files\Java\jdk-16.0.1\bin\msvcp140.dll
0x00007ff9dac00000 - 0x00007ff9db7ab000 	C:\Program Files\Java\jdk-16.0.1\bin\server\jvm.dll
0x00007ffa2e610000 - 0x00007ffa2e618000 	C:\Windows\System32\PSAPI.DLL
0x00007ffa16520000 - 0x00007ffa16547000 	C:\Windows\SYSTEM32\WINMM.dll
0x00007ffa1f9b0000 - 0x00007ffa1f9b9000 	C:\Windows\SYSTEM32\WSOCK32.dll
0x00007ffa2e5a0000 - 0x00007ffa2e60b000 	C:\Windows\System32\WS2_32.dll
0x00007ffa2b790000 - 0x00007ffa2b7a2000 	C:\Windows\SYSTEM32\kernel.appcore.dll
0x00007ffa274d0000 - 0x00007ffa274da000 	C:\Program Files\Java\jdk-16.0.1\bin\jimage.dll
0x00007ffa2ad10000 - 0x00007ffa2aef4000 	C:\Windows\SYSTEM32\DBGHELP.DLL
0x00007ffa1ed00000 - 0x00007ffa1ed2c000 	C:\Windows\SYSTEM32\dbgcore.DLL
0x00007ffa2d070000 - 0x00007ffa2d0f3000 	C:\Windows\System32\bcryptPrimitives.dll
0x00007ffa26e50000 - 0x00007ffa26e5e000 	C:\Program Files\Java\jdk-16.0.1\bin\instrument.dll
0x00007ffa25dc0000 - 0x00007ffa25de5000 	C:\Program Files\Java\jdk-16.0.1\bin\java.dll

dbghelp: loaded successfully - version: 4.0.5 - missing functions: none
symbol engine: initialized successfully - sym options: 0x614 - pdb path: .;C:\Program Files\Java\jdk-16.0.1\bin;C:\Windows\SYSTEM32;C:\Windows\WinSxS\amd64_microsoft.windows.common-controls_6595b64144ccf1df_6.0.19041.1110_none_60b5254171f9507e;C:\Program Files\Java\jdk-16.0.1\bin\server

VM Arguments:
jvm_args: -javaagent:D:\01-System install\IntelliJ IDEA 2021.2.2\lib\idea_rt.jar=56208:D:\01-System install\IntelliJ IDEA 2021.2.2\bin -Dfile.encoding=UTF-8 
java_command: ApplicationReZerV.ErdrPlus.MainEPlus
java_class_path (initial): C:\Program Files (x86)\MySQL\Connector J 8.0\mysql-connector-java-8.0.26.jar;D:\Java\ApplicationProgramm\out\production\ApplicationProgramm
Launcher Type: SUN_STANDARD

[Global flags]
     intx CICompilerCount                          = 4                                         {product} {ergonomic}
     uint ConcGCThreads                            = 2                                         {product} {ergonomic}
     uint G1ConcRefinementThreads                  = 8                                         {product} {ergonomic}
   size_t G1HeapRegionSize                         = 2097152                                   {product} {ergonomic}
    uintx GCDrainStackTargetSize                   = 64                                        {product} {ergonomic}
   size_t InitialHeapSize                          = 266338304                                 {product} {ergonomic}
   size_t MarkStackSize                            = 4194304                                   {product} {ergonomic}
   size_t MaxHeapSize                              = 4261412864                                {product} {ergonomic}
   size_t MinHeapDeltaBytes                        = 2097152                                   {product} {ergonomic}
   size_t MinHeapSize                              = 8388608                                   {product} {ergonomic}
    uintx NonNMethodCodeHeapSize                   = 5839372                                {pd product} {ergonomic}
    uintx NonProfiledCodeHeapSize                  = 122909434                              {pd product} {ergonomic}
    uintx ProfiledCodeHeapSize                     = 122909434                              {pd product} {ergonomic}
    uintx ReservedCodeCacheSize                    = 251658240                              {pd product} {ergonomic}
     bool SegmentedCodeCache                       = true                                      {product} {ergonomic}
   size_t SoftMaxHeapSize                          = 4261412864                             {manageable} {ergonomic}
     bool UseCompressedClassPointers               = true                           {product lp64_product} {ergonomic}
     bool UseCompressedOops                        = true                           {product lp64_product} {ergonomic}
     bool UseG1GC                                  = true                                      {product} {ergonomic}
     bool UseLargePagesIndividualAllocation        = false                                  {pd product} {ergonomic}

Logging:
Log output configuration:
 #0: stdout all=warning uptime,level,tags
 #1: stderr all=off uptime,level,tags

Environment Variables:
JAVA_HOME=C:\Program Files\Java\jdk-16.0.1
PATH=D:\system install\ODACapp\product\12.2.0\client_1;D:\system install\ODACapp\product\12.2.0\client_1\bin;D:\06-SQLDBXE18\dbhomeXE\bin;C:\Program Files\Common Files\Oracle\Java\javapath;C:\Program Files (x86)\Common Files\Oracle\Java\javapath;C:\Windows\system32;C:\Windows;C:\Windows\System32\Wbem;C:\Windows\System32\WindowsPowerShell\v1.0\;C:\Windows\System32\OpenSSH\;D:\01-System install\Git\cmd;C:\Program Files\MySQL\MySQL Shell 8.0\bin\;C:\Users\globa\AppData\Local\Microsoft\WindowsApps;C:\Program Files\Java\jdk-16.0.1\bin;C:\Program Files\JetBrains\IntelliJ IDEA Community Edition 2021.1.3\bin;;;D:\01-System install\IntelliJ IDEA 2021.2.2\bin;
USERNAME=globa
OS=Windows_NT
PROCESSOR_IDENTIFIER=Intel64 Family 6 Model 142 Stepping 12, GenuineIntel



---------------  S Y S T E M  ---------------

OS:
 Windows 10 , 64 bit Build 19041 (10.0.19041.1202)
OS uptime: 14 days 7:53 hours

CPU: total 8 (initial active 8) (4 cores per cpu, 2 threads per core) family 6 model 142 stepping 12 microcode 0xde, cx8, cmov, fxsr, ht, mmx, 3dnowpref, sse, sse2, sse3, ssse3, sse4.1, sse4.2, popcnt, lzcnt, tsc, tscinvbit, avx, avx2, aes, erms, clmul, bmi1, bmi2, adx, fma, vzeroupper, clflush, clflushopt

Memory: 4k page, system-wide physical 16254M (1260M free)
TotalPageFile size 30684M (AvailPageFile size 251M)
current process WorkingSet (physical memory assigned to process): 10M, peak: 10M
current process commit charge ("private bytes"): 60M, peak: 314M

vm_info: Java HotSpot(TM) 64-Bit Server VM (16.0.1+9-24) for windows-amd64 JRE (16.0.1+9-24), built on Mar 26 2021 19:31:42 by "mach5one" with MS VC++ 16.7 (VS2019)

END.
